<?xml version="1.0" encoding="UTF-8"?>
<!-- Generated by org.testng.reporters.JUnitXMLReporter -->
<testsuite hostname="Pinku" ignored="0" name="Error Validation Test" tests="4" failures="1" timestamp="2024-07-29T02:03:43 IST" time="65.167" errors="0">
  <testcase name="loginErrorValidation" time="0.678" classname="subhankar.SeleniumFrameworkDesign.tests.ErrorValidationsTest">
    <skipped/>
  </testcase> <!-- loginErrorValidation -->
  <testcase name="loginErrorValidation" time="0.732" classname="subhankar.SeleniumFrameworkDesign.tests.ErrorValidationsTest">
    <failure type="java.lang.AssertionError" message="expected [Incorrect email or password.] but found [Incorrect email password.]">
      <![CDATA[java.lang.AssertionError: expected [Incorrect email or password.] but found [Incorrect email password.]
at subhankar.SeleniumFrameworkDesign.tests.ErrorValidationsTest.loginErrorValidation(ErrorValidationsTest.java:34)
at java.util.ArrayList.forEach(ArrayList.java:1259)
at java.util.concurrent.FutureTask.run(FutureTask.java:266)
at java.util.concurrent.ThreadPoolExecutor.runWorker(ThreadPoolExecutor.java:1149)
at java.util.concurrent.ThreadPoolExecutor$Worker.run(ThreadPoolExecutor.java:624)
at java.lang.Thread.run(Thread.java:750)
... Removed 24 stack frames]]>
    </failure>
  </testcase> <!-- loginErrorValidation -->
  <testcase name="productErrorValidation" time="25.53" classname="subhankar.SeleniumFrameworkDesign.tests.ErrorValidationsTest">
    <skipped/>
  </testcase> <!-- productErrorValidation -->
  <testcase name="productErrorValidation" time="15.919" classname="subhankar.SeleniumFrameworkDesign.tests.ErrorValidationsTest"/>
</testsuite> <!-- Error Validation Test -->
